[2026-04-04T19:46:02.101Z] [INFO] POST /api/v1/users 500 - 68ms
[2026-04-04T19:50:07.899Z] [INFO] POST /api/v1/users 500 - 3ms
[2026-04-04T20:12:20.470Z] [INFO] POST /api/v1/users 201 - 387ms
[2026-04-04T20:14:05.475Z] [INFO] POST /api/v1/users 201 - 248ms
[2026-04-04T20:15:30.616Z] [INFO] POST /api/v1/users 201 - 252ms
[2026-04-04T20:27:19.474Z] [INFO] POST /api/v1/users 201 - 1360ms
[2026-04-04T20:35:34.329Z] [INFO] POST /api/v1/users 409 - 157ms
[2026-04-04T20:43:31.820Z] [INFO] GET /api/v1/users?id=8a5c0ccb-b005-404e-8866-a500ff271f34 404 - 3ms
[2026-04-04T20:44:36.587Z] [INFO] GET /api/v1/users/8a5c0ccb-b005-404e-8866-a500ff271f34 200 - 208ms
[2026-04-04T20:45:08.882Z] [INFO] GET /api/v1/users/8a5c0ccb-b005-404e-8866-a500ff271f34 200 - 111ms
[2026-04-04T21:03:01.784Z] [INFO] PATCH /api/v1/users/8a5c0ccb-b005-404e-8866-a500ff271f34 200 - 432ms
[2026-04-04T21:06:50.419Z] [INFO] PATCH /api/v1/users/245d1d97-fa2b-4aae-bcd2-93f57426fae6 403 - 462ms
[2026-04-04T21:08:31.165Z] [INFO] PATCH /api/v1/users/245d1d97-fa2b-4aae-bcd2-93f57426fae6 200 - 296ms
[2026-04-04T21:30:28.937Z] [INFO] POST /api/v1/users 403 - 236ms
[2026-04-04T21:30:40.967Z] [INFO] POST /api/v1/users 201 - 208ms
[2026-04-04T21:32:08.589Z] [INFO] POST /api/v1/users 201 - 193ms
[2026-04-04T21:33:07.746Z] [INFO] POST /api/v1/users 201 - 191ms
[2026-04-04T21:33:08.652Z] [INFO] POST /api/v1/users 201 - 132ms
[2026-04-04T21:34:59.958Z] [INFO] POST /api/v1/users 201 - 518ms
[2026-04-04T21:35:51.124Z] [INFO] POST /api/v1/users 201 - 215ms
[2026-04-04T21:38:58.991Z] [INFO] POST /api/v1/users 201 - 505ms
[2026-04-04T21:40:24.442Z] [INFO] DELETE /api/v1/users/245d1d97-fa2b-4aae-bcd2-93f57426fae6 200 - 328ms
[2026-04-04T21:42:25.508Z] [INFO] GET /api/v1/users 500 - 4ms
[2026-04-04T21:45:43.941Z] [INFO] GET /api/v1/users 200 - 589ms
[2026-04-04T21:50:38.484Z] [INFO] GET /api/v1/users 200 - 641ms
[2026-04-04T21:55:28.581Z] [INFO] GET /api/v1/users?includeDeleted=true 200 - 419ms
[2026-04-04T21:59:49.822Z] [INFO] GET /api/v1/users?includeDeleted=true 200 - 417ms
[2026-04-04T21:59:59.773Z] [INFO] GET /api/v1/users 200 - 104ms
[2026-04-04T22:04:03.730Z] [INFO] GET /api/v1/users?search=bha 200 - 554ms
[2026-04-04T22:04:15.053Z] [INFO] GET /api/v1/users?search=n 200 - 68ms
[2026-04-04T22:04:30.916Z] [INFO] GET /api/v1/users?search=n&limit=1 500 - 59ms
[2026-04-04T22:04:54.995Z] [INFO] GET /api/v1/users?search=a&page=1&limit=2 500 - 71ms
[2026-04-04T22:05:13.894Z] [INFO] GET /api/v1/users?search=a&page=1&limit=2 500 - 424ms
[2026-04-04T22:09:12.429Z] [INFO] GET /api/v1/users?search=a&page=1&limit=2 500 - 6ms
[2026-04-04T22:11:18.227Z] [INFO] GET /api/v1/users?search=a&page=1&limit=2 200 - 835ms
[2026-04-04T22:11:36.861Z] [INFO] GET /api/v1/users?search=a&limit=1 200 - 121ms
[2026-04-04T22:12:32.801Z] [INFO] PATCH /api/v1/users 404 - 1ms
[2026-04-04T22:13:12.692Z] [INFO] PATCH /api/v1/users/914bb88b-8251-4af7-aa87-09b36cf2a0f4 200 - 445ms
[2026-04-04T22:13:28.621Z] [INFO] PATCH /api/v1/users/914bb88b-8251-4af7-aa87-09b36cf2a0f4 200 - 237ms
[2026-04-04T22:17:24.861Z] [INFO] PATCH /api/v1/users?role=ADMIN 404 - 3ms
[2026-04-04T22:17:29.766Z] [INFO] GET /api/v1/users?role=ADMIN 200 - 459ms
[2026-04-04T22:23:49.378Z] [INFO] GET /api/v1/users?role=ADMIN 200 - 530ms
[2026-04-04T22:23:55.565Z] [INFO] GET /api/v1/users 200 - 161ms
[2026-04-04T22:24:31.462Z] [INFO] GET /api/v1/users?showDeleted=true 200 - 193ms
